c:\users\beaton\documents\github\silconverters\src\silconvertersoffice\comaddinshim03\debug\secoffice_comaddinshim03.pch
c:\users\beaton\documents\github\silconverters\src\silconvertersoffice\comaddinshim03\debug\vc140.pdb
c:\users\beaton\documents\github\silconverters\src\silconvertersoffice\comaddinshim03\debug\vc140.idb
c:\users\beaton\documents\github\silconverters\src\silconvertersoffice\comaddinshim03\debug\stdafx.obj
c:\users\beaton\documents\github\silconverters\src\silconvertersoffice\comaddinshim03\debug\clrloader.obj
c:\users\beaton\documents\github\silconverters\src\silconvertersoffice\comaddinshim03\debug\comaddinshim03.obj
c:\repositories\silconverters\src\silconvertersoffice\comaddinshim03\debug\secoffice_comaddinshim03.pch
c:\repositories\silconverters\src\silconvertersoffice\comaddinshim03\debug\vc140.pdb
c:\repositories\silconverters\src\silconvertersoffice\comaddinshim03\debug\vc140.idb
c:\repositories\silconverters\src\silconvertersoffice\comaddinshim03\debug\stdafx.obj
c:\repositories\silconverters\src\silconvertersoffice\comaddinshim03\debug\clrloader.obj
c:\repositories\silconverters\src\silconvertersoffice\comaddinshim03\debug\comaddinshim03.obj
c:\repositories\silconverters\src\silconvertersoffice\comaddinshim03\debug\connectproxy.obj
c:\repositories\silconverters\src\silconvertersoffice\comaddinshim03\debug\comaddinshim03_i.obj
c:\repositories\silconverters\output\debug\secoffice_comaddinshim03.ilk
c:\repositories\silconverters\output\debug\secoffice_comaddinshim03.dll
c:\repositories\silconverters\output\debug\secoffice_comaddinshim03.pdb
c:\users\beaton\documents\github\silconverters\src\silconvertersoffice\comaddinshim03\debug\comaddinshim03.tlb
c:\users\beaton\documents\github\silconverters\src\silconvertersoffice\comaddinshim03\comaddinshim03_i.c
c:\users\beaton\documents\github\silconverters\src\silconvertersoffice\comaddinshim03\comaddinshim03.h
c:\repositories\silconverters\src\silconvertersoffice\comaddinshim03\debug\comaddinshim03.tlb
c:\repositories\silconverters\src\silconvertersoffice\comaddinshim03\comaddinshim03_i.c
c:\repositories\silconverters\src\silconvertersoffice\comaddinshim03\comaddinshim03.h
c:\repositories\silconverters\src\silconvertersoffice\comaddinshim03\debug\comaddinshim03.res
c:\repositories\silconverters\output\debug\comaddinshim03.lib
c:\repositories\silconverters\output\debug\comaddinshim03.exp
c:\repositories\silconverters\src\silconvertersoffice\comaddinshim03\debug\msaddndr.tlh
c:\repositories\silconverters\src\silconvertersoffice\comaddinshim03\debug\mscorlib.tlh
c:\repositories\silconverters\src\silconvertersoffice\comaddinshim03\debug\secoffic.1ca3ae14.tlog\cl.command.1.tlog
c:\repositories\silconverters\src\silconvertersoffice\comaddinshim03\debug\secoffic.1ca3ae14.tlog\cl.read.1.tlog
c:\repositories\silconverters\src\silconvertersoffice\comaddinshim03\debug\secoffic.1ca3ae14.tlog\cl.write.1.tlog
c:\repositories\silconverters\src\silconvertersoffice\comaddinshim03\debug\secoffic.1ca3ae14.tlog\link.command.1.tlog
c:\repositories\silconverters\src\silconvertersoffice\comaddinshim03\debug\secoffic.1ca3ae14.tlog\link.read.1.tlog
c:\repositories\silconverters\src\silconvertersoffice\comaddinshim03\debug\secoffic.1ca3ae14.tlog\link.write.1.tlog
c:\repositories\silconverters\src\silconvertersoffice\comaddinshim03\debug\secoffic.1ca3ae14.tlog\midl.command.1.tlog
c:\repositories\silconverters\src\silconvertersoffice\comaddinshim03\debug\secoffic.1ca3ae14.tlog\midl.read.1.tlog
c:\repositories\silconverters\src\silconvertersoffice\comaddinshim03\debug\secoffic.1ca3ae14.tlog\midl.write.1.tlog
c:\repositories\silconverters\src\silconvertersoffice\comaddinshim03\debug\secoffic.1ca3ae14.tlog\rc.command.1.tlog
c:\repositories\silconverters\src\silconvertersoffice\comaddinshim03\debug\secoffic.1ca3ae14.tlog\rc.read.1.tlog
c:\repositories\silconverters\src\silconvertersoffice\comaddinshim03\debug\secoffic.1ca3ae14.tlog\rc.write.1.tlog
c:\repositories\silconverters\src\silconvertersoffice\comaddinshim03\debug\secoffic.1ca3ae14.tlog\secoffice_comaddinshim03.write.1u.tlog
