c:\users\beaton\documents\github\silconverters\src\silconvertersoffice10\comaddinshim10\debug\secoffice_comaddinshim10.pch
c:\users\beaton\documents\github\silconverters\src\silconvertersoffice10\comaddinshim10\debug\vc140.pdb
c:\users\beaton\documents\github\silconverters\src\silconvertersoffice10\comaddinshim10\debug\vc140.idb
c:\users\beaton\documents\github\silconverters\src\silconvertersoffice10\comaddinshim10\debug\stdafx.obj
c:\users\beaton\documents\github\silconverters\src\silconvertersoffice10\comaddinshim10\debug\clrloader.obj
c:\users\beaton\documents\github\silconverters\src\silconvertersoffice10\comaddinshim10\debug\comaddinshim10.obj
c:\users\beaton\documents\github\silconverters\src\silconvertersoffice10\comaddinshim10\debug\connectproxy.obj
c:\users\beaton\documents\github\silconverters\src\silconvertersoffice10\comaddinshim10\debug\comaddinshim10_i.obj
c:\repositories\silconverters\src\silconvertersoffice10\comaddinshim10\debug\secoffice_comaddinshim10.pch
c:\repositories\silconverters\src\silconvertersoffice10\comaddinshim10\debug\vc140.pdb
c:\repositories\silconverters\src\silconvertersoffice10\comaddinshim10\debug\vc140.idb
c:\repositories\silconverters\src\silconvertersoffice10\comaddinshim10\debug\stdafx.obj
c:\repositories\silconverters\src\silconvertersoffice10\comaddinshim10\debug\clrloader.obj
c:\repositories\silconverters\src\silconvertersoffice10\comaddinshim10\debug\comaddinshim10.obj
c:\repositories\silconverters\src\silconvertersoffice10\comaddinshim10\debug\connectproxy.obj
c:\repositories\silconverters\src\silconvertersoffice10\comaddinshim10\debug\comaddinshim10_i.obj
c:\users\beaton\documents\github\silconverters\output\debug\secoffice_comaddinshim10.ilk
c:\users\beaton\documents\github\silconverters\output\debug\secoffice_comaddinshim10.dll
c:\users\beaton\documents\github\silconverters\output\debug\secoffice_comaddinshim10.pdb
c:\repositories\silconverters\output\debug\secoffice_comaddinshim10.ilk
c:\repositories\silconverters\output\debug\secoffice_comaddinshim10.dll
c:\repositories\silconverters\output\debug\secoffice_comaddinshim10.pdb
c:\users\beaton\documents\github\silconverters\src\silconvertersoffice10\comaddinshim10\debug\comaddinshim10.tlb
c:\users\beaton\documents\github\silconverters\src\silconvertersoffice10\comaddinshim10\comaddinshim10_i.c
c:\users\beaton\documents\github\silconverters\src\silconvertersoffice10\comaddinshim10\comaddinshim10.h
c:\repositories\silconverters\src\silconvertersoffice10\comaddinshim10\debug\comaddinshim10.tlb
c:\repositories\silconverters\src\silconvertersoffice10\comaddinshim10\comaddinshim10_i.c
c:\repositories\silconverters\src\silconvertersoffice10\comaddinshim10\comaddinshim10.h
c:\users\beaton\documents\github\silconverters\src\silconvertersoffice10\comaddinshim10\debug\comaddinshim10.res
c:\repositories\silconverters\src\silconvertersoffice10\comaddinshim10\debug\comaddinshim10.res
c:\users\beaton\documents\github\silconverters\output\debug\secoffice_comaddinshim10.lib
c:\users\beaton\documents\github\silconverters\output\debug\secoffice_comaddinshim10.exp
c:\repositories\silconverters\output\debug\secoffice_comaddinshim10.lib
c:\repositories\silconverters\output\debug\secoffice_comaddinshim10.exp
c:\repositories\silconverters\src\silconvertersoffice10\comaddinshim10\debug\msaddndr.tlh
c:\repositories\silconverters\src\silconvertersoffice10\comaddinshim10\debug\mscorlib.tlh
c:\repositories\silconverters\src\silconvertersoffice10\comaddinshim10\debug\mso.tlh
c:\repositories\silconverters\src\silconvertersoffice10\comaddinshim10\debug\secoffic.e14f1167.tlog\cl.command.1.tlog
c:\repositories\silconverters\src\silconvertersoffice10\comaddinshim10\debug\secoffic.e14f1167.tlog\cl.read.1.tlog
c:\repositories\silconverters\src\silconvertersoffice10\comaddinshim10\debug\secoffic.e14f1167.tlog\cl.write.1.tlog
c:\repositories\silconverters\src\silconvertersoffice10\comaddinshim10\debug\secoffic.e14f1167.tlog\link.command.1.tlog
c:\repositories\silconverters\src\silconvertersoffice10\comaddinshim10\debug\secoffic.e14f1167.tlog\link.read.1.tlog
c:\repositories\silconverters\src\silconvertersoffice10\comaddinshim10\debug\secoffic.e14f1167.tlog\link.write.1.tlog
c:\repositories\silconverters\src\silconvertersoffice10\comaddinshim10\debug\secoffic.e14f1167.tlog\midl.command.1.tlog
c:\repositories\silconverters\src\silconvertersoffice10\comaddinshim10\debug\secoffic.e14f1167.tlog\midl.read.1.tlog
c:\repositories\silconverters\src\silconvertersoffice10\comaddinshim10\debug\secoffic.e14f1167.tlog\midl.write.1.tlog
c:\repositories\silconverters\src\silconvertersoffice10\comaddinshim10\debug\secoffic.e14f1167.tlog\rc.command.1.tlog
c:\repositories\silconverters\src\silconvertersoffice10\comaddinshim10\debug\secoffic.e14f1167.tlog\rc.read.1.tlog
c:\repositories\silconverters\src\silconvertersoffice10\comaddinshim10\debug\secoffic.e14f1167.tlog\rc.write.1.tlog
c:\repositories\silconverters\src\silconvertersoffice10\comaddinshim10\debug\secoffic.e14f1167.tlog\secoffice_comaddinshim10.write.1u.tlog
