c:\users\beaton\documents\github\silconverters\src\silconvertersoffice07\comaddinshim07\debug\secoffice_comaddinshim07.pch
c:\users\beaton\documents\github\silconverters\src\silconvertersoffice07\comaddinshim07\debug\vc140.pdb
c:\users\beaton\documents\github\silconverters\src\silconvertersoffice07\comaddinshim07\debug\vc140.idb
c:\users\beaton\documents\github\silconverters\src\silconvertersoffice07\comaddinshim07\debug\stdafx.obj
c:\users\beaton\documents\github\silconverters\src\silconvertersoffice07\comaddinshim07\debug\clrloader.obj
c:\users\beaton\documents\github\silconverters\src\silconvertersoffice07\comaddinshim07\debug\comaddinshim07.obj
c:\repositories\silconverters\src\silconvertersoffice07\comaddinshim07\debug\secoffice_comaddinshim07.pch
c:\repositories\silconverters\src\silconvertersoffice07\comaddinshim07\debug\vc140.pdb
c:\repositories\silconverters\src\silconvertersoffice07\comaddinshim07\debug\vc140.idb
c:\repositories\silconverters\src\silconvertersoffice07\comaddinshim07\debug\stdafx.obj
c:\repositories\silconverters\src\silconvertersoffice07\comaddinshim07\debug\clrloader.obj
c:\repositories\silconverters\src\silconvertersoffice07\comaddinshim07\debug\comaddinshim07.obj
c:\repositories\silconverters\src\silconvertersoffice07\comaddinshim07\debug\connectproxy.obj
c:\repositories\silconverters\src\silconvertersoffice07\comaddinshim07\debug\comaddinshim07_i.obj
c:\repositories\silconverters\output\debug\secoffice_comaddinshim07.ilk
c:\repositories\silconverters\output\debug\secoffice_comaddinshim07.dll
c:\repositories\silconverters\output\debug\secoffice_comaddinshim07.pdb
c:\users\beaton\documents\github\silconverters\src\silconvertersoffice07\comaddinshim07\debug\comaddinshim07.tlb
c:\users\beaton\documents\github\silconverters\src\silconvertersoffice07\comaddinshim07\comaddinshim07_i.c
c:\users\beaton\documents\github\silconverters\src\silconvertersoffice07\comaddinshim07\comaddinshim07.h
c:\repositories\silconverters\src\silconvertersoffice07\comaddinshim07\debug\comaddinshim07.tlb
c:\repositories\silconverters\src\silconvertersoffice07\comaddinshim07\comaddinshim07_i.c
c:\repositories\silconverters\src\silconvertersoffice07\comaddinshim07\comaddinshim07.h
c:\repositories\silconverters\src\silconvertersoffice07\comaddinshim07\debug\comaddinshim07.res
c:\repositories\silconverters\output\debug\comaddinshim07.lib
c:\repositories\silconverters\output\debug\comaddinshim07.exp
c:\repositories\silconverters\src\silconvertersoffice07\comaddinshim07\debug\msaddndr.tlh
c:\repositories\silconverters\src\silconvertersoffice07\comaddinshim07\debug\mscorlib.tlh
c:\repositories\silconverters\src\silconvertersoffice07\comaddinshim07\debug\secoffic.cb91d9d5.tlog\cl.command.1.tlog
c:\repositories\silconverters\src\silconvertersoffice07\comaddinshim07\debug\secoffic.cb91d9d5.tlog\cl.read.1.tlog
c:\repositories\silconverters\src\silconvertersoffice07\comaddinshim07\debug\secoffic.cb91d9d5.tlog\cl.write.1.tlog
c:\repositories\silconverters\src\silconvertersoffice07\comaddinshim07\debug\secoffic.cb91d9d5.tlog\link.command.1.tlog
c:\repositories\silconverters\src\silconvertersoffice07\comaddinshim07\debug\secoffic.cb91d9d5.tlog\link.read.1.tlog
c:\repositories\silconverters\src\silconvertersoffice07\comaddinshim07\debug\secoffic.cb91d9d5.tlog\link.write.1.tlog
c:\repositories\silconverters\src\silconvertersoffice07\comaddinshim07\debug\secoffic.cb91d9d5.tlog\midl.command.1.tlog
c:\repositories\silconverters\src\silconvertersoffice07\comaddinshim07\debug\secoffic.cb91d9d5.tlog\midl.read.1.tlog
c:\repositories\silconverters\src\silconvertersoffice07\comaddinshim07\debug\secoffic.cb91d9d5.tlog\midl.write.1.tlog
c:\repositories\silconverters\src\silconvertersoffice07\comaddinshim07\debug\secoffic.cb91d9d5.tlog\rc.command.1.tlog
c:\repositories\silconverters\src\silconvertersoffice07\comaddinshim07\debug\secoffic.cb91d9d5.tlog\rc.read.1.tlog
c:\repositories\silconverters\src\silconvertersoffice07\comaddinshim07\debug\secoffic.cb91d9d5.tlog\rc.write.1.tlog
c:\repositories\silconverters\src\silconvertersoffice07\comaddinshim07\debug\secoffic.cb91d9d5.tlog\secoffice_comaddinshim07.write.1u.tlog
