c:\users\beaton\documents\github\silconverters\src\silconvertersoffice13\comaddinshim13\debug\secoffice_comaddinshim13.pch
c:\users\beaton\documents\github\silconverters\src\silconvertersoffice13\comaddinshim13\debug\vc140.pdb
c:\users\beaton\documents\github\silconverters\src\silconvertersoffice13\comaddinshim13\debug\vc140.idb
c:\users\beaton\documents\github\silconverters\src\silconvertersoffice13\comaddinshim13\debug\stdafx.obj
c:\users\beaton\documents\github\silconverters\src\silconvertersoffice13\comaddinshim13\debug\clrloader.obj
c:\users\beaton\documents\github\silconverters\src\silconvertersoffice13\comaddinshim13\debug\comaddinshim13.obj
c:\repositories\silconverters\src\silconvertersoffice13\comaddinshim13\debug\secoffice_comaddinshim13.pch
c:\repositories\silconverters\src\silconvertersoffice13\comaddinshim13\debug\vc140.pdb
c:\repositories\silconverters\src\silconvertersoffice13\comaddinshim13\debug\vc140.idb
c:\repositories\silconverters\src\silconvertersoffice13\comaddinshim13\debug\stdafx.obj
c:\repositories\silconverters\src\silconvertersoffice13\comaddinshim13\debug\clrloader.obj
c:\repositories\silconverters\src\silconvertersoffice13\comaddinshim13\debug\comaddinshim13.obj
c:\repositories\silconverters\src\silconvertersoffice13\comaddinshim13\debug\connectproxy.obj
c:\repositories\silconverters\src\silconvertersoffice13\comaddinshim13\debug\comaddinshim13_i.obj
c:\repositories\silconverters\output\debug\secoffice_comaddinshim13.ilk
c:\repositories\silconverters\output\debug\secoffice_comaddinshim13.dll
c:\repositories\silconverters\output\debug\secoffice_comaddinshim13.pdb
c:\users\beaton\documents\github\silconverters\src\silconvertersoffice13\comaddinshim13\debug\comaddinshim13.tlb
c:\users\beaton\documents\github\silconverters\src\silconvertersoffice13\comaddinshim13\comaddinshim13_i.c
c:\users\beaton\documents\github\silconverters\src\silconvertersoffice13\comaddinshim13\comaddinshim13.h
c:\repositories\silconverters\src\silconvertersoffice13\comaddinshim13\debug\comaddinshim13.tlb
c:\repositories\silconverters\src\silconvertersoffice13\comaddinshim13\comaddinshim13_i.c
c:\repositories\silconverters\src\silconvertersoffice13\comaddinshim13\comaddinshim13.h
c:\repositories\silconverters\src\silconvertersoffice13\comaddinshim13\debug\comaddinshim13.res
c:\repositories\silconverters\output\debug\comaddinshim13.lib
c:\repositories\silconverters\output\debug\comaddinshim13.exp
c:\repositories\silconverters\src\silconvertersoffice13\comaddinshim13\debug\msaddndr.tlh
c:\repositories\silconverters\src\silconvertersoffice13\comaddinshim13\debug\mscorlib.tlh
c:\repositories\silconverters\src\silconvertersoffice13\comaddinshim13\debug\secoffic.cadb97b2.tlog\cl.command.1.tlog
c:\repositories\silconverters\src\silconvertersoffice13\comaddinshim13\debug\secoffic.cadb97b2.tlog\cl.read.1.tlog
c:\repositories\silconverters\src\silconvertersoffice13\comaddinshim13\debug\secoffic.cadb97b2.tlog\cl.write.1.tlog
c:\repositories\silconverters\src\silconvertersoffice13\comaddinshim13\debug\secoffic.cadb97b2.tlog\link.command.1.tlog
c:\repositories\silconverters\src\silconvertersoffice13\comaddinshim13\debug\secoffic.cadb97b2.tlog\link.read.1.tlog
c:\repositories\silconverters\src\silconvertersoffice13\comaddinshim13\debug\secoffic.cadb97b2.tlog\link.write.1.tlog
c:\repositories\silconverters\src\silconvertersoffice13\comaddinshim13\debug\secoffic.cadb97b2.tlog\midl.command.1.tlog
c:\repositories\silconverters\src\silconvertersoffice13\comaddinshim13\debug\secoffic.cadb97b2.tlog\midl.read.1.tlog
c:\repositories\silconverters\src\silconvertersoffice13\comaddinshim13\debug\secoffic.cadb97b2.tlog\midl.write.1.tlog
c:\repositories\silconverters\src\silconvertersoffice13\comaddinshim13\debug\secoffic.cadb97b2.tlog\rc.command.1.tlog
c:\repositories\silconverters\src\silconvertersoffice13\comaddinshim13\debug\secoffic.cadb97b2.tlog\rc.read.1.tlog
c:\repositories\silconverters\src\silconvertersoffice13\comaddinshim13\debug\secoffic.cadb97b2.tlog\rc.write.1.tlog
c:\repositories\silconverters\src\silconvertersoffice13\comaddinshim13\debug\secoffic.cadb97b2.tlog\secoffice_comaddinshim13.write.1u.tlog
